<?xml version="1.0" encoding="UTF-8"?>
<testsuite name="Cucumber" time="3.864" tests="2" skipped="0" failures="0" errors="0">
<testcase classname="Test dynamic button click functionality" name="Verify dynamic button click" time="1.908">
<system-out><![CDATA[
Given browser is open.......................................................passed
And user is on the buttons page.............................................passed
When user clicks on the 'Click Me' button...................................passed
Then the message 'You have done a dynamic click' should be displayed........passed
]]></system-out>
</testcase>
<testcase classname="Dropdown selection verification" name="User selects a term from a dropdown list and verifies the selection" time="1.888">
<system-out><![CDATA[
Given user is on the elements page..........................................passed
When user selects the 'Text Box' tab........................................passed
Then the selected term should be 'Text Box' tab.............................passed
]]></system-out>
</testcase>
</testsuite>
