<?xml version="1.0" encoding="UTF-8"?>
<testsuite name="Cucumber" time="6.82" tests="4" skipped="0" failures="0" errors="0">
<testcase classname="Test dynamic button click functionality" name="Verify dynamic button click" time="1.771">
<system-out><![CDATA[
Given browser is open.......................................................passed
And user is on the buttons page.............................................passed
When user clicks on the 'Click Me' button...................................passed
Then the message 'You have done a dynamic click' should be displayed........passed
]]></system-out>
</testcase>
<testcase classname="Date Picker" name="Select a new date from the date picker" time="1.723">
<system-out><![CDATA[
Given user is on the date picker page.......................................passed
When user selects a new date................................................passed
Then the selected date should change to the new date........................passed
]]></system-out>
</testcase>
<testcase classname="Dropdown selection verification" name="User selects a term from a dropdown list and verifies the selection" time="1.523">
<system-out><![CDATA[
Given user is on the elements page..........................................passed
When user selects the 'Text Box' tab........................................passed
Then the selected term should be 'Text Box' tab.............................passed
]]></system-out>
</testcase>
<testcase classname="File Upload" name="Upload a file from project structure" time="1.726">
<system-out><![CDATA[
Given user is on the upload page............................................passed
When user uploads the file..................................................passed
Then the file should be uploaded successfully...............................passed
]]></system-out>
</testcase>
</testsuite>
